Build started 4/16/2015 12:20:35 AM.
     1>Project "C:\Users\Mikhail\Desktop\527\EC330\HW7\Solutions\P5\VisualStudio2012\P5\P5\P5.vcxproj" on node 2 (Build target(s)).
     1>InitializeBuildStatus:
         Creating "Debug\P5.unsuccessfulbuild" because "AlwaysCreate" was specified.
       ClCompile:
         C:\Program Files (x86)\Microsoft Visual Studio 11.0\VC\bin\CL.exe /c /ZI /nologo /W3 /WX- /Od /Oy- /D _MBCS /Gm /EHsc /RTC1 /MDd /GS /fp:precise /Zc:wchar_t /Zc:forScope /Fo"Debug\\" /Fd"Debug\vc110.pdb" /Gd /TP /analyze- /errorReport:prompt main.cpp
         main.cpp
     1>c:\users\mikhail\desktop\527\ec330\hw7\solutions\p5\visualstudio2012\p5\p5\city.h(71): warning C4018: '<' : signed/unsigned mismatch
     1>c:\users\mikhail\desktop\527\ec330\hw7\solutions\p5\visualstudio2012\p5\p5\map.h(142): warning C4018: '<' : signed/unsigned mismatch
     1>c:\users\mikhail\desktop\527\ec330\hw7\solutions\p5\visualstudio2012\p5\p5\map.h(261): warning C4018: '<' : signed/unsigned mismatch
     1>c:\users\mikhail\desktop\527\ec330\hw7\solutions\p5\visualstudio2012\p5\p5\map.h(278): warning C4018: '<' : signed/unsigned mismatch
     1>c:\users\mikhail\desktop\527\ec330\hw7\solutions\p5\visualstudio2012\p5\p5\map.h(286): warning C4018: '<' : signed/unsigned mismatch
       Link:
         C:\Program Files (x86)\Microsoft Visual Studio 11.0\VC\bin\link.exe /ERRORREPORT:PROMPT /OUT:"C:\Users\Mikhail\Desktop\527\EC330\HW7\Solutions\P5\VisualStudio2012\P5\Debug\P5.exe" /INCREMENTAL /NOLOGO kernel32.lib user32.lib gdi32.lib winspool.lib comdlg32.lib advapi32.lib shell32.lib ole32.lib oleaut32.lib uuid.lib odbc32.lib odbccp32.lib /MANIFEST /MANIFESTUAC:"level='asInvoker' uiAccess='false'" /manifest:embed /DEBUG /PDB:"C:\Users\Mikhail\Desktop\527\EC330\HW7\Solutions\P5\VisualStudio2012\P5\Debug\P5.pdb" /TLBID:1 /DYNAMICBASE /NXCOMPAT /IMPLIB:"C:\Users\Mikhail\Desktop\527\EC330\HW7\Solutions\P5\VisualStudio2012\P5\Debug\P5.lib" /MACHINE:X86 Debug\main.obj
         P5.vcxproj -> C:\Users\Mikhail\Desktop\527\EC330\HW7\Solutions\P5\VisualStudio2012\P5\Debug\P5.exe
       FinalizeBuildStatus:
         Deleting file "Debug\P5.unsuccessfulbuild".
         Touching "Debug\P5.lastbuildstate".
     1>Done Building Project "C:\Users\Mikhail\Desktop\527\EC330\HW7\Solutions\P5\VisualStudio2012\P5\P5\P5.vcxproj" (Build target(s)).

Build succeeded.

Time Elapsed 00:00:05.29
